1603733966.1616223 15.863
1603733984.0019143 14.812
1603733998.6479416 17.281
1603734013.3526385 14.720
1603734028.0531716 13.220
1603734042.770987 14.126
1603734057.4943051 12.966
1603734072.2224078 13.207
1603734086.951602 11.051
1603734101.6933446 13.935
1603734116.4126537 12.238
1603734131.148985 14.181
1603734145.8373256 13.007
1603734160.5363364 15.316
1603734175.2350101 14.669
1603734189.9080558 13.446
1603734204.6085865 14.028
1603734219.3618095 14.365
1603734234.0938015 14.889
1603734248.7966075 16.191
1603734263.495412 16.966
1603734278.2052135 16.619
1603734292.9497538 18.336
1603734307.6419132 18.115
1603734322.3198178 17.215
1603734337.0439615 17.130
1603734351.775886 17.013
1603734367.1267319 18.364
1603734381.8855917 17.745
1603734396.647889 17.273
1603734411.3530912 20.340
1603734427.5218747 21.598
1603734442.1898112 20.772
1603734456.9131246 19.335
1603734471.6263132 20.065
1603734486.3798058 20.470
1603734501.1016116 18.217
1603734515.7895222 21.415
1603734531.9217205 20.965
1603734546.6069522 21.292
1603734561.3734014 20.730
1603734576.051072 21.529
1603734590.770483 19.002
1603734605.4964185 20.995
1603734620.2606564 19.625
1603734634.988881 20.944
1603734649.7310114 19.977
1603734664.4953027 20.216
1603734679.2179947 23.261
1603734695.3938715 21.900
1603734710.098285 21.401
1603734724.8360434 21.521
1603734739.579693 21.411
1603734754.3112361 21.710
1603734769.0003502 19.623
1603734783.7612596 22.292
1603734798.501541 21.450
1603734813.1786256 21.034
1603734827.9161897 20.129
1603734842.6732683 20.129
1603734857.428978 21.935
1603734872.1347988 18.624
1603734888.3448021 18.030
1603734903.1038623 19.134
1603734917.8225982 19.613
1603734932.5632722 20.774
1603734947.242343 19.922
1603734961.9942129 18.861
1603734976.7421846 20.765
1603734991.461762 20.001
1603735006.2250402 18.688
1603735020.9562678 19.728
1603735035.6963253 19.664
1603735050.3820367 20.903
1603735065.1150732 19.938
1603735079.7994785 18.824
1603735094.5129519 20.597
1603735109.234332 19.563
1603735123.9715564 19.934
1603735138.6629653 20.878
1603735153.4238534 19.722
1603735168.1647327 20.902
1603735182.823635 18.587
1603735197.585449 19.316
1603735212.33754 19.823
1603735227.0902152 18.669
1603735241.8084965 18.236
1603735256.5698535 17.820
1603735271.3343182 17.449
1603735286.0552557 18.577
1603735300.7518256 20.153
1603735315.4922264 19.885
1603735330.1915674 21.081
1603735344.8997157 19.431
1603735359.6610234 19.829
1603735374.3743417 18.619
1603735389.056042 20.563
1603735403.7998946 20.534
1603735418.4944243 20.577
1603735433.208287 19.747
1603735447.9337783 20.889
1603735462.6819348 20.206
1603735477.4478855 22.427
1603735492.1936805 20.834
1603735506.9213407 20.623
1603735521.6272886 20.369
1603735536.3773224 21.438
1603735551.116034 21.405
1603735565.8185563 21.077
1603735580.5542412 19.064
1603735595.3170023 22.545
1603735611.4529233 21.320
1603735626.2094288 21.179
1603735640.9353204 21.368
1603735655.6290731 21.664
1603735670.3356457 19.663
1603735684.999861 21.252
1603735699.7794049 20.970
1603735714.4718256 19.684
1603735729.1783164 19.391
1603735743.888833 19.245
1603735758.6185505 20.069
1603735773.2853453 18.399
1603735788.0129044 20.291
1603735802.774778 19.022
1603735817.5347528 17.931
1603735832.3064604 19.275
1603735847.0542188 19.052
1603735861.7267497 19.858
1603735876.449792 18.060
1603735891.1830034 19.347
1603735905.8960772 19.420
1603735920.6302998 18.245
1603735935.3356268 19.513
1603735950.0219467 17.399
1603735964.725461 21.070
1603735980.9418764 19.829
1603735995.627223 20.377
1603736010.319787 19.216
1603736025.033754 18.288
1603736039.7087202 20.917
1603736054.3849187 19.131
1603736069.0916402 20.028
1603736083.7976444 19.917
1603736098.5055594 19.723
1603736113.2324355 19.955
1603736127.9438107 20.798
1603736142.6476226 21.405
1603736157.4059718 20.487
1603736172.1262808 20.786
1603736186.8264596 21.248
1603736201.5761166 21.591
1603736216.309914 20.421
1603736231.0188925 21.333
1603736245.720387 19.761
1603736260.4707603 19.082
1603736275.251805 21.962
1603736290.0242999 21.607
1603736304.713778 23.467
1603736319.4472873 20.951
1603736334.1532745 21.144
1603736348.9116232 21.720
1603736363.6873307 21.110
1603736378.4044588 19.082
1603736393.0789025 20.401
1603736407.8451848 18.838
1603736422.53819 18.822
1603736437.2520669 17.894
1603736451.990512 19.336
1603736466.7159252 18.049
1603736481.4834464 17.495
1603736496.1957827 17.151
1603736510.9431908 18.154
1603736525.6685452 19.893
1603736540.4264126 16.488
1603736556.6044884 18.872
1603736571.3340182 18.810
1603736586.0623567 18.281
1603736600.7346447 18.957
1603736615.4576955 21.695
1603736630.1844354 20.030
1603736644.9378312 20.842
1603736659.721105 20.004
1603736674.4692793 21.779
1603736689.2303846 19.568
1603736703.9685652 20.691
1603736718.6545315 21.001
1603736733.3798034 20.617
1603736748.142497 18.644
1603736762.914533 20.812
1603736777.583916 21.086
1603736792.3000836 19.937
1603736806.9893208 19.852
1603736821.7118037 18.189
1603736836.450779 22.002
1603736852.6225595 20.850
1603736867.351357 22.693
1603736882.0322068 21.571
1603736896.7939985 20.543
1603736911.5008194 21.470
1603736926.2159603 20.814
1603736940.9740295 23.540
1603736955.7156274 20.445
1603736971.9082434 19.473
1603736986.6553473 19.370
1603737001.354214 23.301
1603737017.5488784 19.917
1603737033.7258167 18.976
1603737048.436009 19.242
1603737063.2099254 18.509
1603737077.8983731 20.541
1603737092.5992565 19.555
1603737107.2971451 22.025
1603737122.0078132 21.441
1603737136.6878655 19.912
1603737151.4181561 19.412
1603737166.1199317 18.345
1603737180.845147 19.733
1603737195.535273 18.971
1603737210.2762558 21.855
1603737224.9913337 19.611
1603737239.6870875 19.390
1603737254.3991988 18.729
1603737269.1321573 18.458
1603737283.8419414 19.320
1603737298.5294633 18.507
1603737313.2787762 19.816
1603737327.9497957 18.595
1603737342.6498978 18.549
1603737357.4032984 18.037
1603737372.1306236 19.847
1603737386.8624923 19.913
1603737401.5402577 22.077
1603737416.2687278 18.438
1603737432.3983252 20.831
1603737447.1237721 19.193
1603737461.90035 18.551
1603737476.6141477 20.191
1603737491.3281064 19.512
1603737506.0546558 19.362
1603737520.7865717 18.646
1603737535.5004385 21.131
1603737550.239175 21.604
1603737564.977556 19.502
1603737579.7128932 20.831
1603737594.4046657 18.448
1603737609.1182947 20.322
1603737623.8672032 21.024
1603737638.561179 19.818
1603737653.3178027 21.261
1603737668.091499 20.282
1603737682.8337781 19.151
1603737697.6099052 20.716
1603737712.394994 22.104
1603737727.0677762 19.731
1603737741.7611604 20.066
1603737756.4852533 20.566
1603737771.241339 20.288
1603737785.9515646 20.186
1603737800.6831393 19.716
1603737815.371528 20.033
1603737830.1812239 19.909
1603737844.966068 19.974
1603737859.7265997 20.003
1603737874.4577086 20.052
1603737889.1842747 19.249
1603737903.9436588 19.812
1603737918.6783392 20.369
1603737933.4189801 20.465
1603737948.1218872 19.879
1603737962.901842 20.300
1603737977.6588948 19.671
1603737992.3698833 19.648
1603738007.0743468 20.041
1603738021.8562589 19.202
1603738036.60743 19.477
1603738051.3428845 19.054
1603738066.116271 18.914
1603738080.905888 18.059
1603738095.6222582 18.003
1603738110.3066258 17.065
1603738125.0410752 17.440
1603738139.7792025 16.625
1603738154.5010834 16.738
1603738169.235042 15.949
1603738183.9498124 15.685
1603738198.6803658 15.208
1603738215.4556534 14.618
1603738230.1307406 14.237
1603738244.835365 14.127
1603738259.537402 14.514
1603738274.260034 13.310
1603738288.945588 13.743
1603738303.6676974 12.786
1603738318.396222 12.614
1603738333.102944 12.594
1603738347.8334165 12.835
1603738362.6120386 12.139
1603738377.3270783 11.754
1603738392.0447652 12.108
1603738406.7791822 11.717
1603738421.4499164 11.849
1603738436.1517603 11.858
1603738450.8806088 11.468
1603738465.5673184 11.188
1603738480.3173268 11.826
1603738495.0291324 11.001
1603738509.7317607 10.912
1603738524.423884 10.847
1603738539.1372445 10.865
1603738553.8783965 10.735
1603738568.5593348 11.398
1603738583.2860446 9.926
1603738598.0443063 10.582
1603738612.7354584 10.528
1603738627.4998012 9.985
1603738642.2851162 9.739
1603738657.0166466 9.795
1603738671.7713416 10.027
1603738686.4670901 9.403
1603738701.2326403 9.746
1603738715.929934 9.850
1603738730.7052076 9.358
1603738745.4279027 9.206
1603738760.205138 9.062
1603738774.9262245 9.240
1603738789.6528797 8.816
1603738804.3487065 8.987
1603738819.0807028 8.932
1603738833.763154 9.198
1603738848.4819832 8.985
1603738863.2609782 9.007
1603738877.9843862 9.508
1603738892.7886815 8.778
1603738907.5700066 8.971
1603738922.310723 8.526
1603738936.9998045 9.010
1603738951.7539375 9.136
1603738966.4703875 9.064
1603738981.215586 9.145
1603738995.906231 8.803
1603739010.6679227 9.048
1603739025.4398577 9.919
1603739040.1541247 9.405
1603739054.8857982 9.078
1603739069.5807576 9.332
1603739084.2788296 10.012
1603739098.9532082 9.661
1603739113.6697795 9.223
1603739128.3398542 9.124
1603739143.0423055 9.669
1603739157.7798543 9.651
1603739172.5206327 10.068
1603739187.3029373 9.990
1603739202.0291278 9.940
1603739216.7583797 9.880
1603739231.4392335 9.740
1603739246.2182999 10.307
1603739260.9531095 10.249
1603739275.6776013 9.697
1603739290.4464662 10.045
1603739305.2017164 10.384
1603739319.9270604 10.440
1603739334.6221325 10.783
1603739349.3497338 10.464
1603739364.0785422 9.822
1603739378.8120472 10.664
1603739393.5959015 9.474
1603739408.3102753 10.337
1603739423.1132574 10.755
1603739437.852587 9.816
1603739452.6187234 10.178
1603739467.363858 10.639
1603739482.0776255 11.100
1603739496.8343568 9.691
1603739511.5917015 11.048
1603739526.3429816 9.648
1603739541.0541039 9.905
1603739555.7679405 9.880
1603739570.5389044 9.925
1603739585.303461 11.078
1603739600.0322974 9.858
1603739614.804692 9.641
1603739629.5684633 10.467
1603739644.3254173 9.655
1603739659.0371022 10.464
1603739673.7153945 10.010
1603739688.4088879 9.699
1603739703.1307588 9.227
1603739717.8983529 9.153
1603739732.6325128 8.827
1603739747.3269954 9.338
1603739762.0918133 8.426
1603739776.785394 8.660
1603739791.5165904 8.897
1603739806.273299 8.618
1603739824.2355983 8.464
1603739838.9689927 7.145
1603739853.749924 6.772
1603739868.4647045 6.152
1603739883.1771994 6.723
1603739897.8916688 6.167
1603739912.6170514 6.068
1603739927.3491073 6.112
1603739942.0490823 5.948
1603739956.760038 5.752
1603739971.4871109 5.083
1603739986.2291183 4.722
1603740000.9334047 4.657
1603740015.6516085 5.015
1603740030.3398445 4.959
1603740045.0498197 4.983
1603740059.8097723 4.462
1603740074.5495124 4.755
1603740089.305022 3.982
1603740104.0615933 4.034
1603740118.7628396 3.281
1603740133.5310817 2.987
1603740148.227654 1.757
1603740162.9517832 0.754
1603740177.705966 1.524
1603740192.4496996 1.761
1603740207.1797276 0.628
1603740221.8967047 1.146
1603740236.6354887 -0.070
1603740251.3748426 -0.413
1603740266.047033 -0.562
1603740280.7548969 0.061
1603740295.5050716 -0.812
1603740310.274593 -0.675
1603740324.9995637 -1.310
1603740339.7876117 -1.566
1603740354.5155935 -1.490
1603740369.287982 -1.880
1603740384.051853 -1.110
1603740398.7769315 -1.975
1603740413.5683625 -1.977
1603740428.3299038 -1.651
1603740443.0706067 -2.292
1603740457.7604387 -2.158
1603740472.4723468 -1.679
1603740487.2222924 -1.601
1603740501.9889848 -1.262
1603740516.7354746 -1.315
1603740531.486184 -2.799
1603740546.237503 -2.276
1603740560.9817731 -2.944
1603740575.7264462 -3.098
1603740590.4803472 -2.242
1603740605.2303555 -1.635
1603740623.2086875 -1.361
1603740637.9163086 -0.868
1603740652.6425076 -2.224
1603740667.4220142 -0.281
1603740682.1630943 -0.957
1603740696.8347368 -1.324
1603740711.6129308 -0.720
1603740726.402257 -0.965
1603740741.1014345 -1.084
1603740755.8247468 0.342
1603740770.5797994 -1.715
1603740785.270089 -0.642
1603740800.019198 -0.311
1603740814.7447252 -0.607
1603740829.4541583 0.573
1603740844.2037714 -0.237
1603740858.9409566 0.484
1603740873.6608636 0.507
1603740888.3998034 0.126
1603740903.1179273 0.217
1603740917.8819947 0.539
1603740932.6598084 1.577
1603740947.4063687 1.532
1603740962.1759608 1.376
1603740976.8537526 0.248
1603740991.5250206 0.694
1603741006.2550213 0.686
1603741020.996008 1.182
1603741038.8511941 1.222
1603741053.5507102 1.108
1603741068.2981868 -0.687
1603741083.0398157 2.236
1603741097.77196 0.527
1603741112.5221562 -0.134
1603741127.1997888 -0.838
1603741141.9403703 0.875
1603741156.6897745 0.257
1603741171.338332 0.134
1603741186.1275434 1.003
1603741200.8806791 -0.143
1603741215.5690076 0.328
1603741230.2443764 -0.082
1603741244.9304178 0.684
1603741259.666535 -0.388
1603741274.4099 0.558
1603741289.152946 -1.014
1603741303.8520622 -0.368
1603741318.6123405 -0.434
1603741333.3344748 -0.002
1603741348.0436025 -1.625
1603741362.7479794 -0.512
1603741377.4658961 -1.276
1603741392.1682334 0.072
1603741406.8703043 -1.502
1603741421.5731292 -0.833
1603741439.4991279 -0.231
1603741454.2074902 -0.995
1603741468.939511 0.801
1603741483.6668985 0.718
1603741498.3775709 0.530
1603741513.0978372 -0.566
1603741530.9324453 0.173
1603741545.6700423 0.613
1603741560.4247062 -1.709
1603741578.3493235 0.662
1603741593.1177146 -0.391
1603741607.8672476 -0.715
1603741622.6191056 -0.572
1603741637.2897735 0.225
1603741651.9910145 -1.078
1603741666.7186384 0.156
1603741681.4524817 0.355
1603741696.2354882 -0.041
1603741710.9251225 0.219
1603741725.6306517 0.261
1603741740.3928554 -1.204
1603741755.099784 0.018
1603741769.8201587 1.135
1603741784.5135822 0.475
1603741799.1915443 0.749
1603741813.8866346 0.685
1603741828.6237254 0.331
1603741846.6541367 0.610
1603741861.3675046 1.493
1603741876.1378186 -0.457
1603741890.8615954 -1.300
1603741905.6205962 -0.068
1603741920.3092823 0.757
1603741935.0397868 0.089
1603741949.7742827 1.033
1603741966.5983958 0.181
1603741981.3057463 0.579
1603741996.050447 -0.867
1603742010.7904117 -1.120
1603742025.5748675 0.785
1603742040.2759855 -0.792
1603742055.0405765 -1.471
1603742069.7956345 -0.908
1603742087.7069888 -0.633
1603742102.4586358 -0.942
1603742117.2143512 -0.579
1603742131.9453926 -1.561
1603742146.6703286 0.784
1603742161.3874562 -0.674
1603742176.1347017 -0.038
1603742190.871878 0.223
1603742205.630855 0.228
1603742220.3699918 0.160
1603742235.0851505 1.191
1603742249.8338063 -0.080
1603742264.524087 -0.169
1603742279.2536194 0.511
1603742293.9390936 0.056
1603742308.6246283 0.992
1603742323.348587 -0.591
1603742338.076233 -0.238
1603742352.779804 -0.676
1603742367.5257022 0.698
1603742382.217457 0.939
1603742396.9675229 0.113
1603742411.7364895 0.736
1603742426.4540713 0.021
1603742441.174536 0.994
1603742459.0977407 -0.538
1603742473.8758078 1.759
1603742488.624072 -0.006
1603742503.375824 -0.599
1603742518.0817525 0.117
1603742534.9304986 -1.056
1603742551.7138186 -0.531
1603742569.6636684 0.601
1603742584.358234 -0.227
1603742599.1115177 0.168
1603742613.7872615 0.345
1603742631.6824808 0.775
1603742646.4199753 0.708
1603742661.1772425 -1.441
1603742675.8707476 0.061
1603742690.5781727 0.232
1603742705.2810788 -0.909
1603742719.9859724 -0.179
1603742737.9551651 0.091
1603742752.6022933 -1.408
1603742767.309949 -1.533
1603742781.9774513 0.457
1603742796.6507778 0.084
1603742811.3438044 -0.579
1603742826.0973818 -0.885
1603742840.8372054 0.924
1603742855.5563028 -0.654
1603742870.332436 -0.539
1603742885.0378797 -0.899
1603742899.7388856 -0.255
1603742914.445875 1.386
1603742929.1898108 1.189
1603742943.8614593 -0.954
1603742958.5998533 0.084
1603742973.3201005 0.443
1603742988.0359688 -0.127
1603743002.7082052 -0.107
1603743017.4085312 -1.003
1603743032.1357996 0.459
1603743046.8688657 0.743
1603743061.6074426 0.497
1603743076.371669 0.364
1603743091.0842843 1.642
1603743105.8355682 0.794
1603743120.5331717 0.545
1603743138.4437647 -0.016
1603743153.171964 -1.489
1603743167.9124284 0.577
1603743185.8430915 -0.199
1603743200.527236 0.685
1603743215.250012 1.061
1603743233.208082 -0.686
1603743247.871381 -1.044
1603743262.5645733 -0.095
1603743277.2593572 0.505
1603743295.2040186 -1.775
1603743309.9305499 -0.448
1603743324.6600266 0.658
1603743339.3776646 -0.631
1603743354.0958002 0.530
1603743368.8342865 -0.020
1603743383.5488198 -0.502
1603743398.3017864 -0.642
1603743412.9699266 0.130
1603743427.692031 1.211
1603743442.4153786 1.049
1603743457.179026 0.366
1603743471.8573885 -0.017
1603743489.7927623 -0.274
1603743504.4339583 -0.913
1603743522.4289646 -0.398
1603743537.197994 0.900
1603743551.926952 -0.063
1603743566.661197 0.759
1603743581.4213774 -1.545
1603743596.1840773 -0.574
1603743610.8780615 0.971
1603743625.6064265 -0.490
1603743640.2878234 0.938
1603743655.030112 -0.708
1603743669.747824 0.112
1603743684.421946 -0.570
1603743699.1289651 0.950
1603743713.8547428 -0.561
1603743728.584446 1.294
1603743743.2853627 0.443
1603743761.2181556 -1.309
1603743779.1979306 -0.279
1603743793.9431086 0.313
1603743808.6817448 -0.064
1603743823.3704026 1.504
1603743838.1229808 -0.559
1603743856.0335565 -0.261
1603743870.7497487 0.403
1603743885.5086236 -0.136
1603743900.2809954 -1.228
1603743918.2114232 -1.168
1603743932.9309735 -0.668
1603743947.6800313 0.438
1603743965.6123924 -0.997
1603743980.3624032 -0.464
1603743995.0393991 0.187
1603744009.7838907 -0.315
1603744024.5657518 -1.977
1603744039.3379564 0.284
1603744054.08504 -2.385
1603744068.7748344 0.373
1603744083.5269718 -0.751
1603744098.2180738 -2.351
1603744112.9526124 -0.696
1603744127.716517 -2.038
1603744142.3997717 -2.237
1603744157.1132019 -2.867
1603744171.844485 -3.178
1603744186.5493817 -3.956
1603744201.2644145 -4.320
1603744215.972187 -5.234
1603744230.7274668 -5.759
1603744245.4218585 -5.754
1603744260.156977 -4.691
1603744274.8353112 -5.876
1603744289.5986497 -6.104
1603744304.388511 -5.698
1603744319.1550474 -5.638
1603744333.925678 -6.555
1603744348.6331198 -5.475
1603744363.39044 -6.491
1603744378.1252658 -8.071
1603744392.8513756 -6.671
1603744407.5932305 -8.481
1603744422.3442707 -7.673
1603744437.1094358 -7.537
1603744451.8421898 -7.804
1603744466.5975857 -7.951
1603744481.2848678 -8.599
1603744495.9747307 -7.853
1603744510.6457937 -8.997
1603744525.3611271 -9.455
1603744540.0715694 -9.968
1603744554.7592542 -8.387
1603744569.4912698 -10.101
1603744584.2284055 -9.664
1603744598.9928896 -10.419
1603744613.7136497 -10.414
1603744628.4538481 -10.990
1603744643.177926 -10.616
1603744657.940916 -9.649
1603744672.6388884 -10.446
1603744687.3477228 -10.985
1603744702.036399 -10.329
1603744716.7320237 -11.240
1603744731.450668 -10.119
1603744746.160419 -10.721
1603744761.2376344 -9.741
1603744775.9952946 -10.849
1603744790.7241738 -11.366
1603744805.46149 -9.906
1603744820.2094405 -10.403
1603744834.9505813 -10.826
1603744849.677258 -11.786
1603744864.3942828 -11.607
1603744879.119807 -12.284
1603744893.8466642 -12.736
1603744908.5473084 -11.818
1603744923.25951 -10.788
1603744937.968385 -9.892
1603744952.7517416 -11.466
1603744967.465466 -11.322
1603744984.267369 -9.926
1603745001.0831997 -10.927
1603745015.8062308 -10.910
1603745030.5298018 -12.696
1603745045.257448 -11.250
1603745060.0091307 -11.466
1603745074.6993756 -10.167
1603745089.4000742 -10.283
1603745104.1493838 -11.351
1603745118.935956 -10.188
1603745133.6433609 -11.735
1603745148.4124687 -11.271
1603745163.1039734 -11.155
1603745177.8305986 -10.115
1603745192.5476077 -10.964
1603745207.2868626 -10.800
1603745221.98025 -10.957
1603745236.6663723 -8.588
1603745251.438834 -9.161
1603745266.1954432 -9.128
1603745280.9397418 -8.305
1603745295.6739373 -9.187
1603745310.411601 -9.128
1603745325.1497848 -8.764
1603745339.8336246 -9.591
1603745354.603576 -10.125
1603745369.3489687 -9.967
1603745384.096249 -9.270
1603745398.78318 -9.102
1603745413.5086377 -10.166
1603745428.223322 -10.087
1603745442.9793675 -10.564
1603745457.762822 -8.709
1603745472.5293655 -9.637
1603745487.2384372 -8.480
1603745501.997572 -9.316
1603745516.7433336 -10.832
1603745531.4537642 -8.650
1603745546.2210965 -9.425
1603745560.9342027 -9.519
1603745575.7126791 -9.285
1603745590.4705493 -11.200
1603745605.1653664 -9.877
1603745619.9176693 -10.551
1603745634.6632092 -9.692
1603745649.3603284 -9.259
1603745664.0333157 -9.041
1603745678.811885 -10.089
1603745693.539251 -10.610
1603745708.2197676 -11.053
1603745722.9317377 -10.870
1603745737.6628387 -10.362
1603745752.3571472 -10.057
1603745767.120495 -8.671
1603745781.8644898 -10.887
1603745796.5680685 -9.584
1603745811.302824 -9.865
1603745826.00325 -8.633
1603745840.7785134 -10.038
1603745855.4678843 -8.501
1603745870.1499212 -11.850
1603745886.350369 -10.374
1603745901.0423656 -9.986
1603745915.7844737 -11.335
1603745930.470455 -10.493
1603745945.2383325 -10.499
1603745959.9578938 -10.542
1603745974.6723077 -11.374
1603745989.3749807 -9.477
1603746004.0924544 -10.558
1603746018.814894 -9.047
1603746033.524196 -10.168
1603746048.2574682 -10.969
1603746063.0212088 -9.946
1603746077.735036 -10.893
1603746092.4316683 -9.696
1603746107.150566 -9.352
1603746121.856182 -9.243
1603746136.5820844 -11.268
1603746151.2899756 -9.314
1603746165.9902592 -8.371
1603746180.7408338 -8.310
1603746195.4613187 -10.918
1603746210.1761904 -9.348
1603746224.8965907 -9.670
1603746239.5943248 -10.538
1603746254.3113534 -9.442
1603746269.067208 -11.027
1603746283.8255112 -9.691
1603746298.5083802 -9.767
1603746313.2311344 -10.062
1603746327.9795291 -11.596
1603746342.7153406 -10.332
1603746357.4642544 -9.703
1603746372.1721942 -10.183
1603746386.9537473 -8.572
1603746401.6179612 -10.748
1603746416.3311517 -10.059
1603746431.0552075 -8.568
1603746445.7465153 -9.336
1603746460.4865506 -9.356
1603746475.1849806 -9.344
1603746489.9243975 -10.282
1603746504.6125422 -9.347
1603746519.3562064 -8.861
1603746534.0887136 -10.739
1603746548.8579657 -10.894
1603746563.9898002 -10.763
1603746578.7013662 -9.593
1603746593.4231079 -10.603
1603746608.2179787 -9.841
1603746622.9403768 -10.292
1603746637.7247124 -10.785
1603746652.4392102 -10.688
1603746667.241844 -8.976
1603746681.957469 -10.410
1603746696.6472514 -12.015
1603746711.42642 -9.780
1603746726.182361 -10.381
1603746740.863626 -9.337
1603746755.5472724 -9.519
1603746770.27107 -11.085
1603746785.0136616 -9.196
1603746799.7775373 -10.886
1603746814.4889905 -10.194
1603746829.1744428 -10.968
1603746843.8341446 -10.820
1603746858.5714633 -10.266
1603746873.286009 -8.742
1603746888.0380821 -8.959
1603746902.7705452 -9.896
1603746917.52971 -10.588
1603746932.254861 -9.930
1603746946.950381 -9.808
1603746961.7279248 -9.648
1603746976.4266346 -9.863
1603746991.1690443 -9.401
1603747005.908822 -8.637
1603747020.6249828 -10.752
1603747035.3366873 -10.525
1603747049.9933996 -9.663
1603747064.7548103 -10.358
1603747079.4913793 -11.350
1603747094.2095065 -10.210
1603747108.923301 -9.233
1603747123.6908872 -10.608
1603747138.411645 -10.158
1603747153.1321104 -11.904
1603747167.9169567 -11.261
1603747182.6378374 -10.379
1603747197.3540554 -9.113
1603747212.038736 -8.376
1603747226.7832496 -10.066
1603747241.510791 -11.256
1603747256.2615345 -10.371
1603747270.9658747 -10.090
1603747285.7369292 -11.375
1603747300.4781299 -9.770
1603747317.3570764 -10.698
1603747334.2116463 -10.831
1603747348.9783418 -9.662
1603747363.6933472 -10.688
1603747378.4338083 -9.884
1603747393.1731594 -10.337
1603747407.9455845 -9.441
1603747422.6897447 -9.396
1603747437.4467077 -8.545
1603747452.1456854 -9.464
1603747466.904823 -9.647
1603747481.6370494 -10.949
1603747496.3465106 -9.587
1603747511.053786 -9.202
1603747525.7867305 -10.299
1603747540.487797 -9.384
1603747555.2075284 -11.621
1603747569.968656 -11.174
1603747584.714638 -10.248
1603747599.4677415 -10.256
1603747614.2017193 -9.696
1603747628.9738586 -11.229
1603747643.6861148 -10.283
1603747658.4395375 -8.810
1603747673.1893885 -9.347
1603747687.8721528 -8.633
1603747702.5898032 -11.546
1603747717.3370788 -10.158
1603747732.1142256 -10.551
1603747746.8549528 -8.191
1603747761.602359 -9.437
1603747776.3228934 -9.832
1603747791.0577912 -9.053
1603747805.8074424 -8.791
1603747820.5520484 -9.631
1603747835.266567 -8.720
1603747850.0305147 -9.802
1603747864.7763686 -9.474
1603747879.5241234 -9.964
1603747894.2542412 -10.758
1603747908.953905 -8.474
1603747923.6877646 -8.775
1603747938.379826 -10.050
1603747953.0842528 -10.946
1603747967.833524 -9.359
1603747982.59699 -9.567
1603747997.2876003 -11.460
1603748012.0153613 -9.909
1603748026.735314 -10.577
1603748041.4537313 -11.075
1603748056.1435592 -11.068
1603748070.8986955 -9.747
1603748085.6158955 -10.002
1603748100.3279772 -11.211
1603748115.1007125 -9.904
1603748129.8330243 -10.388
1603748146.61382 -13.106
1603748161.3252652 -11.178
1603748176.0252273 -12.875
1603748190.778316 -12.506
1603748205.4422555 -12.318
1603748220.1870248 -11.663
1603748234.9261496 -11.853
1603748249.6270442 -13.033
1603748264.3887584 -9.709
1603748280.579824 -11.740
1603748295.3465323 -12.696
1603748310.0179744 -14.333
1603748324.750262 -14.153
1603748339.4695227 -13.668
1603748354.1624584 -12.657
1603748368.8650203 -15.022
1603748383.6319957 -13.634
1603748398.3215654 -13.425
1603748413.0019665 -14.560
1603748427.7224333 -14.875
1603748442.45895 -14.995
1603748457.1563416 -13.594
1603748471.88383 -14.523
1603748486.6330805 -15.359
1603748501.3446307 -14.124
1603748516.03121 -14.156
1603748530.7460387 -14.933
1603748545.4408085 -13.953
1603748560.1888843 -11.381
1603748574.9091415 -11.239
1603748589.6101055 -14.782
1603748605.8300774 -14.736
1603748620.5006537 -14.214
1603748635.2312558 -15.110
1603748649.9759047 -15.859
1603748664.708026 -15.899
1603748679.4439473 -16.042
1603748694.1026459 -15.640
1603748708.872559 -16.844
1603748723.636369 -13.322
1603748739.8398757 -12.844
1603748754.6021264 -15.083
1603748769.2975047 -14.797
1603748784.0128763 -17.394
1603748798.7462354 -17.591
1603748813.5087044 -16.769
1603748828.2771323 -18.113
1603748842.979875 -16.462
1603748857.7102249 -17.065
1603748872.3991625 -15.612
1603748887.0697575 -18.860
1603748903.2974787 -17.536
1603748918.0375624 -18.173
1603748932.7522151 -17.499
1603748947.5125823 -17.603
1603748962.1982427 -17.108
1603748976.8928108 -16.176
1603748991.6312718 -16.648
1603749006.3633387 -15.574
1603749021.0276456 -16.462
1603749035.740535 -15.431
1603749050.4663548 -15.484
1603749065.17059 -16.663
1603749079.898577 -16.961
1603749094.6091044 -16.033
1603749109.3473725 -15.515
1603749124.0880024 -15.447
1603749138.8508203 -15.313
1603749153.564872 -16.017
1603749168.3023677 -13.058
1603749183.0228167 -13.832
1603749197.6979342 -14.628
1603749212.4627404 -15.513
1603749227.1550927 -15.377
1603749241.916449 -14.917
1603749256.6462514 -15.755
1603749271.391399 -15.536
1603749286.1363175 -14.889
1603749300.832994 -15.663
1603749315.5258975 -13.869
1603749330.2285378 -14.745
1603749344.9011948 -14.811
1603749359.5859878 -14.775
1603749374.3221033 -14.607
1603749389.0484757 -14.909
1603749403.7903552 -14.816
1603749418.5397866 -14.964
1603749433.3198495 -14.390
1603749448.0319242 -15.874
1603749462.7533567 -16.138
1603749477.4775004 -15.435
1603749494.2886565 -13.913
1603749511.1254575 -14.713
1603749525.9091156 -15.290
1603749540.611349 -13.350
1603749555.3015544 -12.986
1603749569.958285 -15.144
1603749584.675127 -14.653
1603749599.4289832 -13.104
1603749614.1647825 -13.734
1603749628.8639991 -14.726
1603749643.622129 -13.124
1603749658.3129313 -14.278
1603749673.0788727 -14.642
1603749687.7966063 -14.087
1603749702.4861553 -15.010
1603749717.2301707 -14.891
1603749731.9624987 -13.842
1603749746.71865 -13.245
1603749761.4151194 -14.844
1603749776.131806 -14.724
1603749790.855568 -13.262
1603749805.5839508 -15.434
1603749820.3207753 -15.259
1603749834.9961443 -15.487
1603749849.7218604 -14.903
1603749864.468134 -15.057
1603749879.1598046 -14.817
1603749893.911138 -13.602
1603749908.6918333 -15.354
1603749923.416054 -15.664
1603749938.2044482 -16.108
1603749952.9439297 -14.603
1603749967.659932 -13.979
1603749982.3270292 -14.931
1603749997.0899136 -14.573
1603750011.850137 -14.425
1603750026.5918727 -16.122
1603750041.3298264 -15.374
1603750056.055943 -14.799
1603750070.8330004 -14.769
1603750085.532245 -14.972
1603750100.2965693 -14.697
1603750115.0130684 -14.182
1603750129.7806501 -15.034
1603750144.5080216 -14.604
1603750159.2185495 -14.034
1603750173.9666016 -14.916
1603750188.674244 -14.950
1603750203.4342825 -15.420
1603750218.1340554 -16.065
1603750232.863453 -13.842
1603750247.58846 -14.147
1603750262.318021 -15.502
1603750277.0044258 -15.053
1603750291.7164328 -14.944
1603750306.43839 -14.721
1603750321.191765 -15.491
1603750336.0043693 -15.769
1603750350.7076719 -15.706
1603750365.4886603 -14.811
1603750380.1928716 -15.597
1603750394.9734404 -16.256
1603750409.7461114 -14.231
1603750424.4589083 -15.987
1603750439.1480381 -16.334
1603750453.857877 -15.452
1603750468.57907 -14.403
1603750483.3089814 -14.121
1603750498.0556133 -17.145
1603750514.2208552 -16.935
1603750528.9776497 -14.552
1603750543.7025812 -14.346
1603750558.4443774 -14.575
1603750573.216564 -15.906
1603750587.9515269 -14.414
1603750602.701423 -15.909
1603750617.4702234 -14.255
1603750632.2470279 -12.930
1603750647.0261269 -14.803
1603750663.8821642 -13.496
1603750679.2290065 -15.183
1603750693.949778 -14.583
1603750708.6874828 -16.254
1603750723.3895507 -15.071
1603750738.1339226 -15.810
1603750754.9773657 -16.134
1603750771.7929902 -14.755
1603750786.5028203 -15.477
1603750801.1920574 -15.166
1603750815.932507 -15.175
1603750830.6447186 -14.147
1603750845.3641267 -14.510
1603750860.1406875 -15.493
1603750874.8704407 -13.837
1603750889.621947 -14.494
1603750904.3566356 -15.534
1603750919.0440457 -13.757
1603750933.7897882 -15.549
1603750948.4812858 -15.525
1603750963.2335808 -15.975
1603750977.9602342 -14.115
1603750992.7019393 -15.812
1603751007.466386 -16.498
1603751022.1984677 -16.180
1603751036.9005752 -15.542
1603751051.6266282 -16.167
1603751066.353572 -14.828
1603751081.135644 -14.764
1603751095.8681474 -14.799
1603751110.6774535 -14.542
1603751125.419748 -15.673
1603751140.1552684 -16.764
1603751154.8558595 -16.400
1603751169.614576 -15.805
1603751184.3526852 -13.647
1603751199.0571902 -15.427
1603751213.787129 -14.024
1603751228.523944 -14.156
1603751243.267686 -14.778
1603751257.9940555 -14.989
1603751272.6835358 -15.766
1603751287.3976443 -13.170
1603751302.1505446 -15.008
1603751316.8770466 -13.402
1603751331.6299489 -13.833
1603751346.3411765 -16.172
1603751361.0794275 -14.972
1603751375.782459 -14.674
1603751390.4822311 -14.225
1603751405.2362952 -15.031
1603751419.9277272 -14.422
1603751434.6483603 -15.656
1603751449.3551145 -14.599
1603751464.0313864 -13.827
1603751478.731207 -15.499
1603751493.4465864 -14.184
1603751508.2205796 -14.836
1603751522.924543 -15.362
1603751537.691836 -15.627
1603751552.3852427 -15.247
1603751567.0885377 -14.978
1603751581.819861 -14.472
1603751596.5459185 -14.994
1603751611.2685268 -14.942
1603751625.9707532 -13.625
1603751640.695458 -14.566
1603751655.444818 -13.322
1603751670.1291244 -15.529
1603751684.829842 -16.227
1603751699.5729923 -14.734
1603751714.299432 -15.648
1603751729.0452554 -16.259
1603751743.7862563 -15.490
1603751758.4635217 -13.952
1603751773.1674309 -14.410
1603751787.9068775 -14.289
1603751802.595186 -15.806
1603751817.3382754 -17.026
1603751832.0966058 -16.582
1603751846.8451376 -14.420
1603751861.5443366 -14.348
1603751876.3061266 -15.917
1603751891.0643969 -17.223
1603751905.7777476 -16.427
1603751920.5518963 -16.162
1603751935.2872372 -17.900
1603751950.034082 -14.819
1603751966.182732 -17.522
1603751980.9370837 -17.809
1603751995.6775393 -18.225
1603752010.4000268 -15.951
1603752025.1256294 -17.182
1603752039.8098023 -16.217
1603752054.5366693 -17.646
1603752069.2613525 -19.278
1603752084.0080228 -17.151
1603752098.7940662 -17.858
1603752113.488203 -15.725
1603752128.2015483 -14.066
1603752142.9528153 -13.252
1603752157.6878462 -14.409
1603752172.3976223 -14.163
1603752187.1438553 -19.504
1603752203.3279731 -17.504
1603752218.0779219 -18.651
1603752232.8118815 -18.530
1603752247.5835588 -18.770
1603752262.350733 -19.390
1603752277.1087983 -17.865
1603752291.8415067 -18.137
1603752306.5919216 -19.994
1603752321.318675 -20.376
1603752336.0306208 -20.667
1603752350.8028092 -20.019
1603752365.5347586 -21.058
1603752380.2566772 -19.503
1603752394.9954877 -21.085
1603752409.7691727 -21.353
1603752424.5157824 -19.580
1603752441.2959576 -21.852
1603752458.0821314 -20.391
1603752472.78419 -19.760
1603752487.5176806 -22.792
1603752503.719442 -20.782
1603752518.4533813 -20.988
1603752533.1910062 -20.377
1603752547.8754725 -21.224
1603752562.5944502 -22.216
1603752577.297686 -21.384
1603752592.0089478 -22.326
1603752606.7416713 -19.656
1603752621.4481616 -21.185
1603752636.1962962 -22.156
1603752650.8929958 -21.441
1603752665.5985248 -20.636
1603752680.3219273 -21.282
1603752695.074936 -19.265
1603752709.7778418 -22.147
1603752724.4641395 -22.197
1603752739.216551 -20.270
1603752753.9098263 -20.886
1603752768.620221 -21.559
1603752783.3820124 -20.107
1603752798.1471884 -20.076
1603752812.929725 -19.286
1603752827.6830208 -19.585
1603752842.4213443 -22.121
1603752857.1697571 -21.258
1603752871.8911338 -22.963
1603752886.5926917 -20.152
1603752901.311272 -17.829
1603752916.0546184 -15.962
1603752930.7713463 -18.532
1603752945.4803112 -19.606
1603752960.231899 -20.051
1603752974.9700933 -19.308
1603752989.7083907 -19.471
1603753004.4172332 -20.303
1603753019.1215143 -19.829
1603753033.9001248 -19.863
1603753048.639088 -20.102
1603753063.3351588 -20.627
1603753078.0783193 -18.817
1603753092.7803657 -21.974
1603753108.9822 -20.350
1603753123.7155602 -20.614
1603753138.4109497 -21.606
1603753153.168846 -21.574
1603753167.922927 -20.695
1603753182.5993187 -20.201
1603753197.3345058 -21.378
1603753212.0636966 -21.899
1603753226.8377388 -18.372
1603753242.993973 -19.513
1603753257.765269 -20.674
1603753272.4549215 -20.000
1603753287.1434305 -20.333
1603753301.877147 -20.751
1603753316.6142683 -20.121
1603753331.3197234 -21.638
1603753346.0435026 -19.483
1603753360.7840602 -21.194
1603753375.5231614 -21.715
1603753390.250644 -21.073
1603753407.0530233 -19.657
1603753423.8904357 -18.698
1603753438.5765338 -19.862
1603753453.3312511 -20.993
1603753468.0584998 -20.160
1603753482.758995 -19.090
1603753497.7185602 -19.658
1603753512.449513 -19.940
1603753527.199943 -20.988
1603753541.9061606 -19.986
1603753558.6756814 -20.274
1603753575.4997764 -19.170
1603753590.254666 -20.420
1603753604.9598835 -19.201
1603753619.6612709 -20.797
1603753634.359136 -19.584
1603753649.0949829 -19.099
1603753663.8155296 -19.769
1603753678.5116913 -19.328
1603753693.2854953 -21.885
1603753708.029112 -18.457
1603753724.2397192 -19.092
1603753738.9401362 -21.029
1603753753.718323 -21.283
1603753768.4162226 -19.958
1603753783.1241353 -20.977
1603753797.8603532 -20.059
1603753812.539804 -20.975
1603753827.2547514 -19.933
1603753841.9763994 -20.636
1603753856.6845808 -19.923
1603753871.4463282 -17.696
1603753886.1822433 -19.329
1603753900.9165256 -20.883
1603753915.6683955 -19.734
1603753930.442222 -20.921
1603753945.210982 -19.618
1603753959.959011 -18.877
1603753974.6816802 -20.284
1603753989.3953936 -20.124
1603754004.1787126 -20.734
1603754018.9185386 -20.733
1603754033.632879 -21.387
1603754048.4059541 -20.119
1603754063.1745992 -18.574
1603754077.9071243 -20.236
1603754092.6029913 -19.139
1603754107.3309934 -19.485
1603754122.0102437 -19.726
1603754136.784046 -20.112
1603754151.51539 -20.649
1603754166.2452269 -20.390
1603754180.99121 -22.195
1603754195.7129533 -20.580
1603754210.4455862 -18.650
1603754225.1798105 -19.486
1603754239.9502637 -19.840
1603754254.7354906 -20.702
1603754269.4338837 -18.984
